[2020-09-29 12:07:48] Executing startup tasks
[2020-09-29 12:07:48] Java(TM) SE Runtime Environment 11.0.2+9-LTS
[2020-09-29 12:07:48] Product self.product.version
[2020-09-29 12:07:48] Workspace /Users/annette/Documents/Projekte/de.acegen.scenarios
[2020-09-29 12:07:48] Bundle org.eclipse.oomph.setup 1.17.0.v20200606-0914, build=4683, branch=11a8454bc4da69195dc3e9f065bbd8fe43f77e1e
[2020-09-29 12:07:48] Bundle org.eclipse.oomph.setup.core 1.17.0.v20200531-1047, build=4683, branch=11a8454bc4da69195dc3e9f065bbd8fe43f77e1e
[2020-09-29 12:07:48] Bundle org.eclipse.oomph.setup.p2 1.15.0.v20200531-1047, build=4683, branch=11a8454bc4da69195dc3e9f065bbd8fe43f77e1e
[2020-09-29 12:07:48] Performing Preference /instance/org.eclipse.ui.workbench/org.eclipse.ui.commands = <?xml version="1.0" encoding="UTF-8"?>...
[2020-09-29 12:07:48] <?xml version="1.0" encoding="UTF-8"?>
<org.eclipse.ui.commands>
<keyBinding contextId="org.eclipse.ui.contexts.window" keyConfigurationId="org.eclipse.ui.defaultAcceleratorConfiguration" keySequence="COMMAND+P"/>
<keyBinding commandId="com.genuitec.eclipse.code.openTypes" contextId="com.genuitec.eclipse.code.codeMixEditorScope" keyConfigurationId="org.eclipse.ui.defaultAcceleratorConfiguration" keySequence="COMMAND+SHIFT+T"/>
<keyBinding commandId="com.genuitec.eclipse.code.quickOpen" contextId="org.eclipse.ui.contexts.window" keyConfigurationId="org.eclipse.ui.defaultAcceleratorConfiguration" keySequence="COMMAND+P"/>
<keyBinding commandId="com.genuitec.eclipse.code.runCommands" contextId="org.eclipse.ui.contexts.window" keyConfigurationId="org.eclipse.ui.defaultAcceleratorConfiguration" keySequence="COMMAND+SHIFT+P"/>
</org.eclipse.ui.commands>
[2020-09-29 12:07:48] 
[2020-10-01 12:29:57] Executing startup tasks
[2020-10-01 12:29:57] Java(TM) SE Runtime Environment 11.0.2+9-LTS
[2020-10-01 12:29:57] Product self.product.version
[2020-10-01 12:29:57] Workspace /Users/annette/Documents/Projekte/de.anfelisa
[2020-10-01 12:29:57] Bundle org.eclipse.oomph.setup 1.17.0.v20200606-0914, build=4683, branch=11a8454bc4da69195dc3e9f065bbd8fe43f77e1e
[2020-10-01 12:29:57] Bundle org.eclipse.oomph.setup.core 1.17.0.v20200531-1047, build=4683, branch=11a8454bc4da69195dc3e9f065bbd8fe43f77e1e
[2020-10-01 12:29:57] Bundle org.eclipse.oomph.setup.p2 1.15.0.v20200531-1047, build=4683, branch=11a8454bc4da69195dc3e9f065bbd8fe43f77e1e
[2020-10-01 12:29:57] Performing Preference /instance/org.eclipse.ui.workbench/org.eclipse.ui.commands = <?xml version="1.0" encoding="UTF-8"?>...
[2020-10-01 12:29:57] <?xml version="1.0" encoding="UTF-8"?>
<org.eclipse.ui.commands>
<keyBinding contextId="org.eclipse.ui.contexts.window" keyConfigurationId="org.eclipse.ui.defaultAcceleratorConfiguration" keySequence="COMMAND+P"/>
<keyBinding commandId="com.genuitec.eclipse.code.openTypes" contextId="com.genuitec.eclipse.code.codeMixEditorScope" keyConfigurationId="org.eclipse.ui.defaultAcceleratorConfiguration" keySequence="COMMAND+SHIFT+T"/>
<keyBinding commandId="com.genuitec.eclipse.code.quickOpen" contextId="org.eclipse.ui.contexts.window" keyConfigurationId="org.eclipse.ui.defaultAcceleratorConfiguration" keySequence="COMMAND+P"/>
<keyBinding commandId="com.genuitec.eclipse.code.runCommands" contextId="org.eclipse.ui.contexts.window" keyConfigurationId="org.eclipse.ui.defaultAcceleratorConfiguration" keySequence="COMMAND+SHIFT+P"/>
</org.eclipse.ui.commands>
[2020-10-01 12:29:57] 
